This file contains any messages produced by compilers while
running configure, to aid debugging if configure makes a mistake.

It was created by bluez configure 5.18, which was
generated by GNU Autoconf 2.69.  Invocation command line was

  $ ./configure --disable-systemd

## --------- ##
## Platform. ##
## --------- ##

hostname = raspberrypi
uname -m = armv6l
uname -r = 3.12.22+
uname -s = Linux
uname -v = #691 PREEMPT Wed Jun 18 18:29:58 BST 2014

/usr/bin/uname -p = unknown
/bin/uname -X     = unknown

/bin/arch              = unknown
/usr/bin/arch -k       = unknown
/usr/convex/getsysinfo = unknown
/usr/bin/hostinfo      = unknown
/bin/machine           = unknown
/usr/bin/oslevel       = unknown
/bin/universe          = unknown

PATH: /usr/local/sbin
PATH: /usr/local/bin
PATH: /usr/sbin
PATH: /usr/bin
PATH: /sbin
PATH: /bin


## ----------- ##
## Core tests. ##
## ----------- ##

configure:2387: checking for a BSD-compatible install
configure:2455: result: /usr/bin/install -c
configure:2466: checking whether build environment is sane
configure:2516: result: yes
configure:2657: checking for a thread-safe mkdir -p
configure:2696: result: /bin/mkdir -p
configure:2709: checking for gawk
configure:2739: result: no
configure:2709: checking for mawk
configure:2725: found /usr/bin/mawk
configure:2736: result: mawk
configure:2747: checking whether make sets $(MAKE)
configure:2769: result: yes
configure:2798: checking whether make supports nested variables
configure:2815: result: yes
configure:2883: checking how to create a pax tar archive
configure:2896: tar --version
tar (GNU tar) 1.26
Copyright (C) 2011 Free Software Foundation, Inc.
License GPLv3+: GNU GPL version 3 or later <http://gnu.org/licenses/gpl.html>.
This is free software: you are free to change and redistribute it.
There is NO WARRANTY, to the extent permitted by law.

Written by John Gilmore and Jay Fenlason.
configure:2899: $? = 0
configure:2939: tardir=conftest.dir && eval tar --format=posix -chf - "$tardir" >conftest.tar
configure:2942: $? = 0
configure:2946: tar -xf - <conftest.tar
configure:2949: $? = 0
configure:2962: result: gnutar
configure:2983: checking for style of include used by make
configure:3011: result: GNU
configure:3082: checking for gcc
configure:3098: found /usr/bin/gcc
configure:3109: result: gcc
configure:3338: checking for C compiler version
configure:3347: gcc --version >&5
gcc (Debian 4.6.3-14+rpi1) 4.6.3
Copyright (C) 2011 Free Software Foundation, Inc.
This is free software; see the source for copying conditions.  There is NO
warranty; not even for MERCHANTABILITY or FITNESS FOR A PARTICULAR PURPOSE.

configure:3358: $? = 0
configure:3347: gcc -v >&5
Using built-in specs.
COLLECT_GCC=gcc
COLLECT_LTO_WRAPPER=/usr/lib/gcc/arm-linux-gnueabihf/4.6/lto-wrapper
Target: arm-linux-gnueabihf
Configured with: ../src/configure -v --with-pkgversion='Debian 4.6.3-14+rpi1' --with-bugurl=file:///usr/share/doc/gcc-4.6/README.Bugs --enable-languages=c,c++,fortran,objc,obj-c++ --prefix=/usr --program-suffix=-4.6 --enable-shared --enable-linker-build-id --with-system-zlib --libexecdir=/usr/lib --without-included-gettext --enable-threads=posix --with-gxx-include-dir=/usr/include/c++/4.6 --libdir=/usr/lib --enable-nls --with-sysroot=/ --enable-clocale=gnu --enable-libstdcxx-debug --enable-libstdcxx-time=yes --enable-gnu-unique-object --enable-plugin --enable-objc-gc --disable-sjlj-exceptions --with-arch=armv6 --with-fpu=vfp --with-float=hard --enable-checking=release --build=arm-linux-gnueabihf --host=arm-linux-gnueabihf --target=arm-linux-gnueabihf
Thread model: posix
gcc version 4.6.3 (Debian 4.6.3-14+rpi1) 
configure:3358: $? = 0
configure:3347: gcc -V >&5
gcc: error: unrecognized option '-V'
gcc: fatal error: no input files
compilation terminated.
configure:3358: $? = 4
configure:3347: gcc -qversion >&5
gcc: error: unrecognized option '-qversion'
gcc: fatal error: no input files
compilation terminated.
configure:3358: $? = 4
configure:3378: checking whether the C compiler works
configure:3400: gcc    conftest.c  >&5
configure:3404: $? = 0
configure:3452: result: yes
configure:3455: checking for C compiler default output file name
configure:3457: result: a.out
configure:3463: checking for suffix of executables
configure:3470: gcc -o conftest    conftest.c  >&5
configure:3474: $? = 0
configure:3496: result: 
configure:3518: checking whether we are cross compiling
configure:3526: gcc -o conftest    conftest.c  >&5
configure:3530: $? = 0
configure:3537: ./conftest
configure:3541: $? = 0
configure:3556: result: no
configure:3561: checking for suffix of object files
configure:3583: gcc -c   conftest.c >&5
configure:3587: $? = 0
configure:3608: result: o
configure:3612: checking whether we are using the GNU C compiler
configure:3631: gcc -c   conftest.c >&5
configure:3631: $? = 0
configure:3640: result: yes
configure:3649: checking whether gcc accepts -g
configure:3669: gcc -c -g  conftest.c >&5
configure:3669: $? = 0
configure:3710: result: yes
configure:3727: checking for gcc option to accept ISO C89
configure:3790: gcc  -c -g -O2  conftest.c >&5
configure:3790: $? = 0
configure:3803: result: none needed
configure:3825: checking dependency style of gcc
configure:3936: result: gcc3
configure:3957: checking how to run the C preprocessor
configure:3988: gcc -E  conftest.c
configure:3988: $? = 0
configure:4002: gcc -E  conftest.c
conftest.c:11:28: fatal error: ac_nonexistent.h: No such file or directory
compilation terminated.
configure:4002: $? = 1
configure: failed program was:
| /* confdefs.h */
| #define PACKAGE_NAME "bluez"
| #define PACKAGE_TARNAME "bluez"
| #define PACKAGE_VERSION "5.18"
| #define PACKAGE_STRING "bluez 5.18"
| #define PACKAGE_BUGREPORT ""
| #define PACKAGE_URL ""
| #define PACKAGE "bluez"
| #define VERSION "5.18"
| /* end confdefs.h.  */
| #include <ac_nonexistent.h>
configure:4027: result: gcc -E
configure:4047: gcc -E  conftest.c
configure:4047: $? = 0
configure:4061: gcc -E  conftest.c
conftest.c:11:28: fatal error: ac_nonexistent.h: No such file or directory
compilation terminated.
configure:4061: $? = 1
configure: failed program was:
| /* confdefs.h */
| #define PACKAGE_NAME "bluez"
| #define PACKAGE_TARNAME "bluez"
| #define PACKAGE_VERSION "5.18"
| #define PACKAGE_STRING "bluez 5.18"
| #define PACKAGE_BUGREPORT ""
| #define PACKAGE_URL ""
| #define PACKAGE "bluez"
| #define VERSION "5.18"
| /* end confdefs.h.  */
| #include <ac_nonexistent.h>
configure:4090: checking for grep that handles long lines and -e
configure:4148: result: /bin/grep
configure:4153: checking for egrep
configure:4215: result: /bin/grep -E
configure:4220: checking for ANSI C header files
configure:4240: gcc -c -g -O2  conftest.c >&5
configure:4240: $? = 0
configure:4313: gcc -o conftest -g -O2   conftest.c  >&5
configure:4313: $? = 0
configure:4313: ./conftest
configure:4313: $? = 0
configure:4324: result: yes
configure:4337: checking for sys/types.h
configure:4337: gcc -c -g -O2  conftest.c >&5
configure:4337: $? = 0
configure:4337: result: yes
configure:4337: checking for sys/stat.h
configure:4337: gcc -c -g -O2  conftest.c >&5
configure:4337: $? = 0
configure:4337: result: yes
configure:4337: checking for stdlib.h
configure:4337: gcc -c -g -O2  conftest.c >&5
configure:4337: $? = 0
configure:4337: result: yes
configure:4337: checking for string.h
configure:4337: gcc -c -g -O2  conftest.c >&5
configure:4337: $? = 0
configure:4337: result: yes
configure:4337: checking for memory.h
configure:4337: gcc -c -g -O2  conftest.c >&5
configure:4337: $? = 0
configure:4337: result: yes
configure:4337: checking for strings.h
configure:4337: gcc -c -g -O2  conftest.c >&5
configure:4337: $? = 0
configure:4337: result: yes
configure:4337: checking for inttypes.h
configure:4337: gcc -c -g -O2  conftest.c >&5
configure:4337: $? = 0
configure:4337: result: yes
configure:4337: checking for stdint.h
configure:4337: gcc -c -g -O2  conftest.c >&5
configure:4337: $? = 0
configure:4337: result: yes
configure:4337: checking for unistd.h
configure:4337: gcc -c -g -O2  conftest.c >&5
configure:4337: $? = 0
configure:4337: result: yes
configure:4350: checking minix/config.h usability
configure:4350: gcc -c -g -O2  conftest.c >&5
conftest.c:54:26: fatal error: minix/config.h: No such file or directory
compilation terminated.
configure:4350: $? = 1
configure: failed program was:
| /* confdefs.h */
| #define PACKAGE_NAME "bluez"
| #define PACKAGE_TARNAME "bluez"
| #define PACKAGE_VERSION "5.18"
| #define PACKAGE_STRING "bluez 5.18"
| #define PACKAGE_BUGREPORT ""
| #define PACKAGE_URL ""
| #define PACKAGE "bluez"
| #define VERSION "5.18"
| #define STDC_HEADERS 1
| #define HAVE_SYS_TYPES_H 1
| #define HAVE_SYS_STAT_H 1
| #define HAVE_STDLIB_H 1
| #define HAVE_STRING_H 1
| #define HAVE_MEMORY_H 1
| #define HAVE_STRINGS_H 1
| #define HAVE_INTTYPES_H 1
| #define HAVE_STDINT_H 1
| #define HAVE_UNISTD_H 1
| /* end confdefs.h.  */
| #include <stdio.h>
| #ifdef HAVE_SYS_TYPES_H
| # include <sys/types.h>
| #endif
| #ifdef HAVE_SYS_STAT_H
| # include <sys/stat.h>
| #endif
| #ifdef STDC_HEADERS
| # include <stdlib.h>
| # include <stddef.h>
| #else
| # ifdef HAVE_STDLIB_H
| #  include <stdlib.h>
| # endif
| #endif
| #ifdef HAVE_STRING_H
| # if !defined STDC_HEADERS && defined HAVE_MEMORY_H
| #  include <memory.h>
| # endif
| # include <string.h>
| #endif
| #ifdef HAVE_STRINGS_H
| # include <strings.h>
| #endif
| #ifdef HAVE_INTTYPES_H
| # include <inttypes.h>
| #endif
| #ifdef HAVE_STDINT_H
| # include <stdint.h>
| #endif
| #ifdef HAVE_UNISTD_H
| # include <unistd.h>
| #endif
| #include <minix/config.h>
configure:4350: result: no
configure:4350: checking minix/config.h presence
configure:4350: gcc -E  conftest.c
conftest.c:21:26: fatal error: minix/config.h: No such file or directory
compilation terminated.
configure:4350: $? = 1
configure: failed program was:
| /* confdefs.h */
| #define PACKAGE_NAME "bluez"
| #define PACKAGE_TARNAME "bluez"
| #define PACKAGE_VERSION "5.18"
| #define PACKAGE_STRING "bluez 5.18"
| #define PACKAGE_BUGREPORT ""
| #define PACKAGE_URL ""
| #define PACKAGE "bluez"
| #define VERSION "5.18"
| #define STDC_HEADERS 1
| #define HAVE_SYS_TYPES_H 1
| #define HAVE_SYS_STAT_H 1
| #define HAVE_STDLIB_H 1
| #define HAVE_STRING_H 1
| #define HAVE_MEMORY_H 1
| #define HAVE_STRINGS_H 1
| #define HAVE_INTTYPES_H 1
| #define HAVE_STDINT_H 1
| #define HAVE_UNISTD_H 1
| /* end confdefs.h.  */
| #include <minix/config.h>
configure:4350: result: no
configure:4350: checking for minix/config.h
configure:4350: result: no
configure:4371: checking whether it is safe to define __EXTENSIONS__
configure:4389: gcc -c -g -O2  conftest.c >&5
configure:4389: $? = 0
configure:4396: result: yes
configure:4422: checking whether make supports nested variables
configure:4439: result: yes
configure:4452: checking whether to enable maintainer-specific portions of Makefiles
configure:4461: result: no
configure:4531: checking for pkg-config
configure:4549: found /usr/bin/pkg-config
configure:4561: result: /usr/bin/pkg-config
configure:4586: checking pkg-config is at least version 0.9.0
configure:4589: result: yes
configure:4623: checking for C/C++ restrict keyword
configure:4648: gcc -c -g -O2  conftest.c >&5
configure:4648: $? = 0
configure:4656: result: __restrict
configure:4718: checking for gcc
configure:4745: result: gcc
configure:4974: checking for C compiler version
configure:4983: gcc --version >&5
gcc (Debian 4.6.3-14+rpi1) 4.6.3
Copyright (C) 2011 Free Software Foundation, Inc.
This is free software; see the source for copying conditions.  There is NO
warranty; not even for MERCHANTABILITY or FITNESS FOR A PARTICULAR PURPOSE.

configure:4994: $? = 0
configure:4983: gcc -v >&5
Using built-in specs.
COLLECT_GCC=gcc
COLLECT_LTO_WRAPPER=/usr/lib/gcc/arm-linux-gnueabihf/4.6/lto-wrapper
Target: arm-linux-gnueabihf
Configured with: ../src/configure -v --with-pkgversion='Debian 4.6.3-14+rpi1' --with-bugurl=file:///usr/share/doc/gcc-4.6/README.Bugs --enable-languages=c,c++,fortran,objc,obj-c++ --prefix=/usr --program-suffix=-4.6 --enable-shared --enable-linker-build-id --with-system-zlib --libexecdir=/usr/lib --without-included-gettext --enable-threads=posix --with-gxx-include-dir=/usr/include/c++/4.6 --libdir=/usr/lib --enable-nls --with-sysroot=/ --enable-clocale=gnu --enable-libstdcxx-debug --enable-libstdcxx-time=yes --enable-gnu-unique-object --enable-plugin --enable-objc-gc --disable-sjlj-exceptions --with-arch=armv6 --with-fpu=vfp --with-float=hard --enable-checking=release --build=arm-linux-gnueabihf --host=arm-linux-gnueabihf --target=arm-linux-gnueabihf
Thread model: posix
gcc version 4.6.3 (Debian 4.6.3-14+rpi1) 
configure:4994: $? = 0
configure:4983: gcc -V >&5
gcc: error: unrecognized option '-V'
gcc: fatal error: no input files
compilation terminated.
configure:4994: $? = 4
configure:4983: gcc -qversion >&5
gcc: error: unrecognized option '-qversion'
gcc: fatal error: no input files
compilation terminated.
configure:4994: $? = 4
configure:4998: checking whether we are using the GNU C compiler
configure:5026: result: yes
configure:5035: checking whether gcc accepts -g
configure:5096: result: yes
configure:5113: checking for gcc option to accept ISO C89
configure:5189: result: none needed
configure:5211: checking dependency style of gcc
configure:5322: result: gcc3
configure:5338: checking whether gcc and cc understand -c and -o together
configure:5369: gcc -c conftest.c -o conftest2.o >&5
configure:5373: $? = 0
configure:5379: gcc -c conftest.c -o conftest2.o >&5
configure:5383: $? = 0
configure:5394: cc -c conftest.c >&5
configure:5398: $? = 0
configure:5406: cc -c conftest.c -o conftest2.o >&5
configure:5410: $? = 0
configure:5416: cc -c conftest.c -o conftest2.o >&5
configure:5420: $? = 0
configure:5438: result: yes
configure:5464: checking whether gcc accepts -fPIE
configure:5479: result: yes
configure:5548: checking build system type
configure:5562: result: armv6l-unknown-linux-gnueabihf
configure:5582: checking host system type
configure:5595: result: armv6l-unknown-linux-gnueabihf
configure:5636: checking how to print strings
configure:5663: result: printf
configure:5684: checking for a sed that does not truncate output
configure:5748: result: /bin/sed
configure:5766: checking for fgrep
configure:5828: result: /bin/grep -F
configure:5863: checking for ld used by gcc
configure:5930: result: /usr/bin/ld
configure:5937: checking if the linker (/usr/bin/ld) is GNU ld
configure:5952: result: yes
configure:5964: checking for BSD- or MS-compatible name lister (nm)
configure:6013: result: /usr/bin/nm -B
configure:6143: checking the name lister (/usr/bin/nm -B) interface
configure:6150: gcc -c -g -O2  conftest.c >&5
configure:6153: /usr/bin/nm -B "conftest.o"
configure:6156: output
00000000 B some_variable
configure:6163: result: BSD nm
configure:6166: checking whether ln -s works
configure:6170: result: yes
configure:6178: checking the maximum length of command line arguments
configure:6308: result: 1572864
configure:6325: checking whether the shell understands some XSI constructs
configure:6335: result: yes
configure:6339: checking whether the shell understands "+="
configure:6345: result: yes
configure:6380: checking how to convert armv6l-unknown-linux-gnueabihf file names to armv6l-unknown-linux-gnueabihf format
configure:6420: result: func_convert_file_noop
configure:6427: checking how to convert armv6l-unknown-linux-gnueabihf file names to toolchain format
configure:6447: result: func_convert_file_noop
configure:6454: checking for /usr/bin/ld option to reload object files
configure:6461: result: -r
configure:6535: checking for objdump
configure:6551: found /usr/bin/objdump
configure:6562: result: objdump
configure:6594: checking how to recognize dependent libraries
configure:6792: result: pass_all
configure:6877: checking for dlltool
configure:6907: result: no
configure:6937: checking how to associate runtime and link libraries
configure:6964: result: printf %s\n
configure:7024: checking for ar
configure:7040: found /usr/bin/ar
configure:7051: result: ar
configure:7088: checking for archiver @FILE support
configure:7105: gcc -c -g -O2  conftest.c >&5
configure:7105: $? = 0
configure:7108: ar cru libconftest.a @conftest.lst >&5
configure:7111: $? = 0
configure:7116: ar cru libconftest.a @conftest.lst >&5
ar: conftest.o: No such file or directory
configure:7119: $? = 1
configure:7131: result: @
configure:7189: checking for strip
configure:7205: found /usr/bin/strip
configure:7216: result: strip
configure:7288: checking for ranlib
configure:7304: found /usr/bin/ranlib
configure:7315: result: ranlib
configure:7417: checking command to parse /usr/bin/nm -B output from gcc object
configure:7537: gcc -c -g -O2  conftest.c >&5
configure:7540: $? = 0
configure:7544: /usr/bin/nm -B conftest.o \| sed -n -e 's/^.*[ ]\([ABCDGIRSTW][ABCDGIRSTW]*\)[ ][ ]*\([_A-Za-z][_A-Za-z0-9]*\)$/\1 \2 \2/p' | sed '/ __gnu_lto/d' \> conftest.nm
configure:7547: $? = 0
configure:7613: gcc -o conftest -g -O2   conftest.c conftstm.o >&5
configure:7616: $? = 0
configure:7654: result: ok
configure:7691: checking for sysroot
configure:7721: result: no
configure:7977: checking for mt
configure:7993: found /bin/mt
configure:8004: result: mt
configure:8027: checking if mt is a manifest tool
configure:8033: mt '-?'
configure:8041: result: no
configure:8680: checking for dlfcn.h
configure:8680: gcc -c -g -O2  conftest.c >&5
configure:8680: $? = 0
configure:8680: result: yes
configure:8856: checking for objdir
configure:8871: result: .libs
configure:9138: checking if gcc supports -fno-rtti -fno-exceptions
configure:9156: gcc -c -g -O2  -fno-rtti -fno-exceptions conftest.c >&5
cc1: warning: command line option '-fno-rtti' is valid for C++/ObjC++ but not for C [enabled by default]
configure:9160: $? = 0
configure:9173: result: no
configure:9500: checking for gcc option to produce PIC
configure:9507: result: -fPIC -DPIC
configure:9515: checking if gcc PIC flag -fPIC -DPIC works
configure:9533: gcc -c -g -O2  -fPIC -DPIC -DPIC conftest.c >&5
configure:9537: $? = 0
configure:9550: result: yes
configure:9579: checking if gcc static flag -static works
configure:9607: result: yes
configure:9622: checking if gcc supports -c -o file.o
configure:9643: gcc -c -g -O2  -o out/conftest2.o conftest.c >&5
configure:9647: $? = 0
configure:9669: result: yes
configure:9677: checking if gcc supports -c -o file.o
configure:9724: result: yes
configure:9757: checking whether the gcc linker (/usr/bin/ld) supports shared libraries
configure:10914: result: yes
configure:10951: checking whether -lc should be explicitly linked in
configure:10959: gcc -c -g -O2  conftest.c >&5
configure:10962: $? = 0
configure:10977: gcc -shared  -fPIC -DPIC conftest.o  -v -Wl,-soname -Wl,conftest -o conftest 2\>\&1 \| /bin/grep  -lc  \>/dev/null 2\>\&1
configure:10980: $? = 0
configure:10994: result: no
configure:11154: checking dynamic linker characteristics
configure:11654: gcc -o conftest -g -O2   -Wl,-rpath -Wl,/foo conftest.c  >&5
configure:11654: $? = 0
configure:11888: result: GNU/Linux ld.so
configure:11995: checking how to hardcode library paths into programs
configure:12020: result: immediate
configure:12560: checking whether stripping libraries is possible
configure:12565: result: yes
configure:12600: checking if libtool supports shared libraries
configure:12602: result: yes
configure:12605: checking whether to build shared libraries
configure:12626: result: yes
configure:12629: checking whether to build static libraries
configure:12633: result: no
configure:12716: checking for signalfd
configure:12716: gcc -o conftest -g -O2   conftest.c  >&5
configure:12716: $? = 0
configure:12716: result: yes
configure:12724: checking for clock_gettime in -lrt
configure:12749: gcc -o conftest -g -O2   conftest.c -lrt   >&5
configure:12749: $? = 0
configure:12758: result: yes
configure:12767: checking for pthread_create in -lpthread
configure:12792: gcc -o conftest -g -O2   conftest.c -lpthread   >&5
configure:12792: $? = 0
configure:12801: result: yes
configure:12810: checking for dlopen in -ldl
configure:12835: gcc -o conftest -g -O2   conftest.c -ldl   >&5
configure:12835: $? = 0
configure:12844: result: yes
configure:12855: checking for GLIB
configure:12862: $PKG_CONFIG --exists --print-errors "glib-2.0 >= 2.28"
configure:12865: $? = 0
configure:12879: $PKG_CONFIG --exists --print-errors "glib-2.0 >= 2.28"
configure:12882: $? = 0
configure:12920: result: yes
configure:13008: checking for DBUS
configure:13015: $PKG_CONFIG --exists --print-errors "dbus-1 >= 1.6"
configure:13018: $? = 0
configure:13032: $PKG_CONFIG --exists --print-errors "dbus-1 >= 1.6"
configure:13035: $? = 0
configure:13073: result: yes
configure:13087: checking D-Bus configuration directory
configure:13093: result: /etc
configure:13106: checking D-Bus system bus services dir
configure:13112: result: /usr/share/dbus-1/system-services
configure:13125: checking D-Bus session bus services dir
configure:13131: result: /usr/share/dbus-1/services
configure:13201: checking for UDEV
configure:13208: $PKG_CONFIG --exists --print-errors "libudev >= 143"
configure:13211: $? = 0
configure:13225: $PKG_CONFIG --exists --print-errors "libudev >= 143"
configure:13228: $? = 0
configure:13266: result: yes
configure:13272: checking for udev_hwdb_new in -ludev
configure:13297: gcc -o conftest -g -O2   conftest.c -ludev   >&5
/tmp/cczR8i15.o: In function `main':
/home/pi/bluez/bluez-5.18/conftest.c:40: undefined reference to `udev_hwdb_new'
collect2: ld returned 1 exit status
configure:13297: $? = 1
configure: failed program was:
| /* confdefs.h */
| #define PACKAGE_NAME "bluez"
| #define PACKAGE_TARNAME "bluez"
| #define PACKAGE_VERSION "5.18"
| #define PACKAGE_STRING "bluez 5.18"
| #define PACKAGE_BUGREPORT ""
| #define PACKAGE_URL ""
| #define PACKAGE "bluez"
| #define VERSION "5.18"
| #define STDC_HEADERS 1
| #define HAVE_SYS_TYPES_H 1
| #define HAVE_SYS_STAT_H 1
| #define HAVE_STDLIB_H 1
| #define HAVE_STRING_H 1
| #define HAVE_MEMORY_H 1
| #define HAVE_STRINGS_H 1
| #define HAVE_INTTYPES_H 1
| #define HAVE_STDINT_H 1
| #define HAVE_UNISTD_H 1
| #define __EXTENSIONS__ 1
| #define _ALL_SOURCE 1
| #define _GNU_SOURCE 1
| #define _POSIX_PTHREAD_SEMANTICS 1
| #define _TANDEM_SOURCE 1
| #define restrict __restrict
| #define HAVE_DLFCN_H 1
| #define LT_OBJDIR ".libs/"
| /* end confdefs.h.  */
| 
| /* Override any GCC internal prototype to avoid an error.
|    Use char because int might match the return type of a GCC
|    builtin and then its argument prototype would still apply.  */
| #ifdef __cplusplus
| extern "C"
| #endif
| char udev_hwdb_new ();
| int
| main ()
| {
| return udev_hwdb_new ();
|   ;
|   return 0;
| }
configure:13306: result: no
configure:13331: checking udev directory
configure:13337: result: /lib/udev
configure:13375: checking for ICAL
configure:13382: $PKG_CONFIG --exists --print-errors "libical"
configure:13385: $? = 0
configure:13399: $PKG_CONFIG --exists --print-errors "libical"
configure:13402: $? = 0
configure:13440: result: yes
configure:13473: checking readline/readline.h usability
configure:13473: gcc -c -g -O2  conftest.c >&5
configure:13473: $? = 0
configure:13473: result: yes
configure:13473: checking readline/readline.h presence
configure:13473: gcc -E  conftest.c
configure:13473: $? = 0
configure:13473: result: yes
configure:13473: checking for readline/readline.h
configure:13473: result: yes
configure:13919: creating ./config.status

## ---------------------- ##
## Running config.status. ##
## ---------------------- ##

This file was extended by bluez config.status 5.18, which was
generated by GNU Autoconf 2.69.  Invocation command line was

  CONFIG_FILES    = 
  CONFIG_HEADERS  = 
  CONFIG_LINKS    = 
  CONFIG_COMMANDS = 
  $ ./config.status 

on raspberrypi

config.status:1150: creating Makefile
config.status:1150: creating src/bluetoothd.8
config.status:1150: creating lib/bluez.pc
config.status:1150: creating config.h
config.status:1379: executing depfiles commands
config.status:1379: executing libtool commands

## ---------------- ##
## Cache variables. ##
## ---------------- ##

ac_cv_build=armv6l-unknown-linux-gnueabihf
ac_cv_c_compiler_gnu=yes
ac_cv_c_restrict=__restrict
ac_cv_env_CC_set=
ac_cv_env_CC_value=
ac_cv_env_CFLAGS_set=
ac_cv_env_CFLAGS_value=
ac_cv_env_CPPFLAGS_set=
ac_cv_env_CPPFLAGS_value=
ac_cv_env_CPP_set=
ac_cv_env_CPP_value=
ac_cv_env_DBUS_CFLAGS_set=
ac_cv_env_DBUS_CFLAGS_value=
ac_cv_env_DBUS_LIBS_set=
ac_cv_env_DBUS_LIBS_value=
ac_cv_env_GLIB_CFLAGS_set=
ac_cv_env_GLIB_CFLAGS_value=
ac_cv_env_GLIB_LIBS_set=
ac_cv_env_GLIB_LIBS_value=
ac_cv_env_GTHREAD_CFLAGS_set=
ac_cv_env_GTHREAD_CFLAGS_value=
ac_cv_env_GTHREAD_LIBS_set=
ac_cv_env_GTHREAD_LIBS_value=
ac_cv_env_ICAL_CFLAGS_set=
ac_cv_env_ICAL_CFLAGS_value=
ac_cv_env_ICAL_LIBS_set=
ac_cv_env_ICAL_LIBS_value=
ac_cv_env_LDFLAGS_set=
ac_cv_env_LDFLAGS_value=
ac_cv_env_LIBS_set=
ac_cv_env_LIBS_value=
ac_cv_env_PKG_CONFIG_LIBDIR_set=
ac_cv_env_PKG_CONFIG_LIBDIR_value=
ac_cv_env_PKG_CONFIG_PATH_set=
ac_cv_env_PKG_CONFIG_PATH_value=
ac_cv_env_PKG_CONFIG_set=
ac_cv_env_PKG_CONFIG_value=
ac_cv_env_SBC_CFLAGS_set=
ac_cv_env_SBC_CFLAGS_value=
ac_cv_env_SBC_LIBS_set=
ac_cv_env_SBC_LIBS_value=
ac_cv_env_UDEV_CFLAGS_set=
ac_cv_env_UDEV_CFLAGS_value=
ac_cv_env_UDEV_LIBS_set=
ac_cv_env_UDEV_LIBS_value=
ac_cv_env_build_alias_set=
ac_cv_env_build_alias_value=
ac_cv_env_host_alias_set=
ac_cv_env_host_alias_value=
ac_cv_env_target_alias_set=
ac_cv_env_target_alias_value=
ac_cv_func_signalfd=yes
ac_cv_header_dlfcn_h=yes
ac_cv_header_inttypes_h=yes
ac_cv_header_memory_h=yes
ac_cv_header_minix_config_h=no
ac_cv_header_readline_readline_h=yes
ac_cv_header_stdc=yes
ac_cv_header_stdint_h=yes
ac_cv_header_stdlib_h=yes
ac_cv_header_string_h=yes
ac_cv_header_strings_h=yes
ac_cv_header_sys_stat_h=yes
ac_cv_header_sys_types_h=yes
ac_cv_header_unistd_h=yes
ac_cv_host=armv6l-unknown-linux-gnueabihf
ac_cv_lib_dl_dlopen=yes
ac_cv_lib_pthread_pthread_create=yes
ac_cv_lib_rt_clock_gettime=yes
ac_cv_lib_udev_udev_hwdb_new=no
ac_cv_objext=o
ac_cv_path_EGREP='/bin/grep -E'
ac_cv_path_FGREP='/bin/grep -F'
ac_cv_path_GREP=/bin/grep
ac_cv_path_SED=/bin/sed
ac_cv_path_ac_pt_PKG_CONFIG=/usr/bin/pkg-config
ac_cv_path_install='/usr/bin/install -c'
ac_cv_path_mkdir=/bin/mkdir
ac_cv_prog_AWK=mawk
ac_cv_prog_CPP='gcc -E'
ac_cv_prog_ac_ct_AR=ar
ac_cv_prog_ac_ct_CC=gcc
ac_cv_prog_ac_ct_MANIFEST_TOOL=mt
ac_cv_prog_ac_ct_OBJDUMP=objdump
ac_cv_prog_ac_ct_RANLIB=ranlib
ac_cv_prog_ac_ct_STRIP=strip
ac_cv_prog_cc_c89=
ac_cv_prog_cc_g=yes
ac_cv_prog_cc_gcc_c_o=yes
ac_cv_prog_cc_pie=yes
ac_cv_prog_make_make_set=yes
ac_cv_safe_to_define___extensions__=yes
am_cv_CC_dependencies_compiler_type=gcc3
am_cv_make_support_nested_variables=yes
am_cv_prog_tar_pax=gnutar
lt_cv_ar_at_file=@
lt_cv_archive_cmds_need_lc=no
lt_cv_deplibs_check_method=pass_all
lt_cv_file_magic_cmd='$MAGIC_CMD'
lt_cv_file_magic_test_file=
lt_cv_ld_reload_flag=-r
lt_cv_nm_interface='BSD nm'
lt_cv_objdir=.libs
lt_cv_path_LD=/usr/bin/ld
lt_cv_path_NM='/usr/bin/nm -B'
lt_cv_path_mainfest_tool=no
lt_cv_prog_compiler_c_o=yes
lt_cv_prog_compiler_pic='-fPIC -DPIC'
lt_cv_prog_compiler_pic_works=yes
lt_cv_prog_compiler_rtti_exceptions=no
lt_cv_prog_compiler_static_works=yes
lt_cv_prog_gnu_ld=yes
lt_cv_sharedlib_from_linklib_cmd='printf %s\n'
lt_cv_shlibpath_overrides_runpath=no
lt_cv_sys_global_symbol_pipe='sed -n -e '\''s/^.*[	 ]\([ABCDGIRSTW][ABCDGIRSTW]*\)[	 ][	 ]*\([_A-Za-z][_A-Za-z0-9]*\)$/\1 \2 \2/p'\'' | sed '\''/ __gnu_lto/d'\'''
lt_cv_sys_global_symbol_to_c_name_address='sed -n -e '\''s/^: \([^ ]*\)[ ]*$/  {\"\1\", (void *) 0},/p'\'' -e '\''s/^[ABCDGIRSTW]* \([^ ]*\) \([^ ]*\)$/  {"\2", (void *) \&\2},/p'\'''
lt_cv_sys_global_symbol_to_c_name_address_lib_prefix='sed -n -e '\''s/^: \([^ ]*\)[ ]*$/  {\"\1\", (void *) 0},/p'\'' -e '\''s/^[ABCDGIRSTW]* \([^ ]*\) \(lib[^ ]*\)$/  {"\2", (void *) \&\2},/p'\'' -e '\''s/^[ABCDGIRSTW]* \([^ ]*\) \([^ ]*\)$/  {"lib\2", (void *) \&\2},/p'\'''
lt_cv_sys_global_symbol_to_cdecl='sed -n -e '\''s/^T .* \(.*\)$/extern int \1();/p'\'' -e '\''s/^[ABCDGIRSTW]* .* \(.*\)$/extern char \1;/p'\'''
lt_cv_sys_max_cmd_len=1572864
lt_cv_to_host_file_cmd=func_convert_file_noop
lt_cv_to_tool_file_cmd=func_convert_file_noop
pkg_cv_DBUS_CFLAGS='-I/usr/include/dbus-1.0 -I/usr/lib/arm-linux-gnueabihf/dbus-1.0/include  '
pkg_cv_DBUS_LIBS='-ldbus-1  '
pkg_cv_GLIB_CFLAGS='-I/usr/include/glib-2.0 -I/usr/lib/arm-linux-gnueabihf/glib-2.0/include  '
pkg_cv_GLIB_LIBS='-lglib-2.0  '
pkg_cv_ICAL_CFLAGS=' '
pkg_cv_ICAL_LIBS='-lical -licalss -licalvcal -lpthread  '
pkg_cv_UDEV_CFLAGS=' '
pkg_cv_UDEV_LIBS='-ludev  '

## ----------------- ##
## Output variables. ##
## ----------------- ##

ACLOCAL='${SHELL} /home/pi/bluez/bluez-5.18/missing --run aclocal-1.11'
AMDEPBACKSLASH='\'
AMDEP_FALSE='#'
AMDEP_TRUE=''
AMTAR='$${TAR-tar}'
AM_BACKSLASH='\'
AM_DEFAULT_V='$(AM_DEFAULT_VERBOSITY)'
AM_DEFAULT_VERBOSITY='0'
AM_V='$(V)'
ANDROID_FALSE=''
ANDROID_TRUE='#'
AR='ar'
AUTOCONF='${SHELL} /home/pi/bluez/bluez-5.18/missing --run autoconf'
AUTOHEADER='${SHELL} /home/pi/bluez/bluez-5.18/missing --run autoheader'
AUTOMAKE='${SHELL} /home/pi/bluez/bluez-5.18/missing --run automake-1.11'
AWK='mawk'
CC='gcc'
CCDEPMODE='depmode=gcc3'
CFLAGS='-g -O2'
CLIENT_FALSE='#'
CLIENT_TRUE=''
CONFIGDIR='/usr/local/etc/bluetooth'
CPP='gcc -E'
CPPFLAGS=''
CUPS_FALSE='#'
CUPS_TRUE=''
CYGPATH_W='echo'
DATAFILES_FALSE='#'
DATAFILES_TRUE=''
DBUS_CFLAGS='-I/usr/include/dbus-1.0 -I/usr/lib/arm-linux-gnueabihf/dbus-1.0/include  '
DBUS_CONFDIR='/etc'
DBUS_LIBS='-ldbus-1  '
DBUS_SESSIONBUSDIR='/usr/share/dbus-1/services'
DBUS_SYSTEMBUSDIR='/usr/share/dbus-1/system-services'
DEFS='-DHAVE_CONFIG_H'
DEPDIR='.deps'
DLLTOOL='false'
DSYMUTIL=''
DUMPBIN=''
ECHO_C=''
ECHO_N='-n'
ECHO_T=''
EGREP='/bin/grep -E'
EXEEXT=''
EXPERIMENTAL_FALSE=''
EXPERIMENTAL_TRUE='#'
FGREP='/bin/grep -F'
GLIB_CFLAGS='-I/usr/include/glib-2.0 -I/usr/lib/arm-linux-gnueabihf/glib-2.0/include  '
GLIB_LIBS='-lglib-2.0  '
GREP='/bin/grep'
GTHREAD_CFLAGS=''
GTHREAD_LIBS=''
HID2HCI_FALSE='#'
HID2HCI_TRUE=''
ICAL_CFLAGS=' '
ICAL_LIBS='-lical -licalss -licalvcal -lpthread  '
INSTALL_DATA='${INSTALL} -m 644'
INSTALL_PROGRAM='${INSTALL}'
INSTALL_SCRIPT='${INSTALL}'
INSTALL_STRIP_PROGRAM='$(install_sh) -c -s'
LD='/usr/bin/ld'
LDFLAGS=''
LIBOBJS=''
LIBRARY_FALSE=''
LIBRARY_TRUE='#'
LIBS=''
LIBTOOL='$(SHELL) $(top_builddir)/libtool'
LIPO=''
LN_S='ln -s'
LTLIBOBJS=''
MAINT='#'
MAINTAINER_MODE_FALSE=''
MAINTAINER_MODE_TRUE='#'
MAKEINFO='${SHELL} /home/pi/bluez/bluez-5.18/missing --run makeinfo'
MANIFEST_TOOL=':'
MISC_CFLAGS=''
MISC_LDFLAGS=''
MKDIR_P='/bin/mkdir -p'
MONITOR_FALSE='#'
MONITOR_TRUE=''
NM='/usr/bin/nm -B'
NMEDIT=''
OBEX_FALSE='#'
OBEX_TRUE=''
OBJDUMP='objdump'
OBJEXT='o'
OTOOL64=''
OTOOL=''
PACKAGE='bluez'
PACKAGE_BUGREPORT=''
PACKAGE_NAME='bluez'
PACKAGE_STRING='bluez 5.18'
PACKAGE_TARNAME='bluez'
PACKAGE_URL=''
PACKAGE_VERSION='5.18'
PATH_SEPARATOR=':'
PKG_CONFIG='/usr/bin/pkg-config'
PKG_CONFIG_LIBDIR=''
PKG_CONFIG_PATH=''
RANLIB='ranlib'
READLINE_FALSE='#'
READLINE_TRUE=''
SBC_CFLAGS=''
SBC_LIBS=''
SED='/bin/sed'
SET_MAKE=''
SHELL='/bin/bash'
SIXAXIS_FALSE=''
SIXAXIS_TRUE='#'
STRIP='strip'
SYSTEMD_FALSE=''
SYSTEMD_SYSTEMUNITDIR=''
SYSTEMD_TRUE='#'
SYSTEMD_USERUNITDIR=''
TEST_FALSE=''
TEST_TRUE='#'
TOOLS_FALSE='#'
TOOLS_TRUE=''
UDEV_CFLAGS=' '
UDEV_DIR='/lib/udev'
UDEV_FALSE='#'
UDEV_LIBS='-ludev  '
UDEV_TRUE=''
VERSION='5.18'
WARNING_CFLAGS=''
ac_ct_AR='ar'
ac_ct_CC='gcc'
ac_ct_DUMPBIN=''
am__EXEEXT_FALSE=''
am__EXEEXT_TRUE='#'
am__fastdepCC_FALSE='#'
am__fastdepCC_TRUE=''
am__include='include'
am__isrc=''
am__leading_dot='.'
am__nodep='_no'
am__quote=''
am__tar='tar --format=posix -chf - "$$tardir"'
am__untar='tar -xf -'
bindir='${exec_prefix}/bin'
build='armv6l-unknown-linux-gnueabihf'
build_alias=''
build_cpu='armv6l'
build_os='linux-gnueabihf'
build_vendor='unknown'
datadir='${datarootdir}'
datarootdir='${prefix}/share'
docdir='${datarootdir}/doc/${PACKAGE_TARNAME}'
dvidir='${docdir}'
exec_prefix='${prefix}'
host='armv6l-unknown-linux-gnueabihf'
host_alias=''
host_cpu='armv6l'
host_os='linux-gnueabihf'
host_vendor='unknown'
htmldir='${docdir}'
includedir='${prefix}/include'
infodir='${datarootdir}/info'
install_sh='${SHELL} /home/pi/bluez/bluez-5.18/install-sh'
libdir='${exec_prefix}/lib'
libexecdir='${exec_prefix}/libexec'
localedir='${datarootdir}/locale'
localstatedir='/var'
mandir='${datarootdir}/man'
mkdir_p='/bin/mkdir -p'
oldincludedir='/usr/include'
pdfdir='${docdir}'
prefix='/usr/local'
program_transform_name='s,x,x,'
psdir='${docdir}'
sbindir='${exec_prefix}/sbin'
sharedstatedir='${prefix}/com'
sysconfdir='${prefix}/etc'
target_alias=''

## ----------- ##
## confdefs.h. ##
## ----------- ##

/* confdefs.h */
#define PACKAGE_NAME "bluez"
#define PACKAGE_TARNAME "bluez"
#define PACKAGE_VERSION "5.18"
#define PACKAGE_STRING "bluez 5.18"
#define PACKAGE_BUGREPORT ""
#define PACKAGE_URL ""
#define PACKAGE "bluez"
#define VERSION "5.18"
#define STDC_HEADERS 1
#define HAVE_SYS_TYPES_H 1
#define HAVE_SYS_STAT_H 1
#define HAVE_STDLIB_H 1
#define HAVE_STRING_H 1
#define HAVE_MEMORY_H 1
#define HAVE_STRINGS_H 1
#define HAVE_INTTYPES_H 1
#define HAVE_STDINT_H 1
#define HAVE_UNISTD_H 1
#define __EXTENSIONS__ 1
#define _ALL_SOURCE 1
#define _GNU_SOURCE 1
#define _POSIX_PTHREAD_SEMANTICS 1
#define _TANDEM_SOURCE 1
#define restrict __restrict
#define HAVE_DLFCN_H 1
#define LT_OBJDIR ".libs/"
#define HAVE_READLINE_READLINE_H 1
#define STORAGEDIR "/var/lib/bluetooth"
#define CONFIGDIR "/usr/local/etc/bluetooth"
#define ANDROID_STORAGEDIR "/var/lib/bluetooth/android"

configure: exit 0
